<?xml version="1.0" encoding="UTF-8"?>
<testsuite xmlns:xsi="http://www.w3.org/2001/XMLSchema-instance" xsi:noNamespaceSchemaLocation="https://maven.apache.org/surefire/maven-surefire-plugin/xsd/surefire-test-report-3.0.xsd" version="3.0" name="br.com.acervodaatletabrasileira.acervoapi.AcervoApiApplicationTests" time="19.394" tests="1" errors="0" skipped="0" failures="0">
  <properties>
[...]
</properties>
  <testcase name="contextLoads" classname="br.com.acervodaatletabrasileira.acervoapi.AcervoApiApplicationTests" time="2.519">
    <system-out><![CDATA[Standard Commons Logging discovery in action with spring-jcl: please remove commons-logging.jar from classpath in order to avoid potential conflicts
13:44:01.867 [main] INFO org.springframework.test.context.support.AnnotationConfigContextLoaderUtils -- Could not detect default configuration classes for test class [br.com.acervodaatletabrasileira.acervoapi.AcervoApiApplicationTests]: AcervoApiApplicationTests does not declare any static, non-private, non-final, nested classes annotated with @Configuration.
13:44:02.118 [main] INFO org.springframework.boot.test.context.SpringBootTestContextBootstrapper -- Found @SpringBootConfiguration br.com.acervodaatletabrasileira.acervoapi.AcervoApiApplication for test class br.com.acervodaatletabrasileira.acervoapi.AcervoApiApplicationTests

  .   ____          _            __ _ _
 /\\ / ___'_ __ _ _(_)_ __  __ _ \ \ \ \
( ( )\___ | '_ | '_| | '_ \/ _` | \ \ \ \
 \\/  ___)| |_)| | | | | || (_| |  ) ) ) )
  '  |____| .__|_| |_|_| |_\__, | / / / /
 =========|_|==============|___/=/_/_/_/
 :: Spring Boot ::                (v3.2.4)

2025-10-10T13:44:03.269-03:00  INFO 11128 --- [acervo-api] [           main] b.c.a.a.AcervoApiApplicationTests        : Starting AcervoApiApplicationTests using Java 17.0.15 with PID 11128 (started by Luciane in C:\Users\Luciane\AcervoCarmenLydia\acervo-api)
2025-10-10T13:44:03.271-03:00 DEBUG 11128 --- [acervo-api] [           main] b.c.a.a.AcervoApiApplicationTests        : Running with Spring Boot v3.2.4, Spring v6.1.5
2025-10-10T13:44:03.271-03:00  INFO 11128 --- [acervo-api] [           main] b.c.a.a.AcervoApiApplicationTests        : The following 1 profile is active: "local"
2025-10-10T13:44:04.577-03:00  INFO 11128 --- [acervo-api] [           main] .s.d.r.c.RepositoryConfigurationDelegate : Bootstrapping Spring Data Firestore-reactive repositories in DEFAULT mode.
2025-10-10T13:44:04.867-03:00  INFO 11128 --- [acervo-api] [           main] .s.d.r.c.RepositoryConfigurationDelegate : Finished Spring Data repository scanning in 278 ms. Found 2 Firestore-reactive repository interfaces.
2025-10-10T13:44:07.793-03:00  INFO 11128 --- [acervo-api] [           main] c.g.c.s.a.c.GcpContextAutoConfiguration  : The default project ID is acervo-carmen-lydia-474523
2025-10-10T13:44:08.264-03:00  INFO 11128 --- [acervo-api] [           main] c.g.c.s.core.DefaultCredentialsProvider  : Default credentials provider for user 764086051850-6qr4p6gpi6hn506pt8ejuq83di341hur.apps.googleusercontent.com
2025-10-10T13:44:08.264-03:00  INFO 11128 --- [acervo-api] [           main] c.g.c.s.core.DefaultCredentialsProvider  : Scopes in use by default credentials: [https://www.googleapis.com/auth/pubsub, https://www.googleapis.com/auth/spanner.admin, https://www.googleapis.com/auth/spanner.data, https://www.googleapis.com/auth/datastore, https://www.googleapis.com/auth/sqlservice.admin, https://www.googleapis.com/auth/devstorage.read_only, https://www.googleapis.com/auth/devstorage.read_write, https://www.googleapis.com/auth/cloudruntimeconfig, https://www.googleapis.com/auth/trace.append, https://www.googleapis.com/auth/cloud-platform, https://www.googleapis.com/auth/cloud-vision, https://www.googleapis.com/auth/bigquery, https://www.googleapis.com/auth/monitoring.write]
2025-10-10T13:44:08.472-03:00  INFO 11128 --- [acervo-api] [           main] c.g.c.s.core.DefaultCredentialsProvider  : Default credentials provider for service account acervo-api-service@acervo-carmen-lydia-474523.iam.gserviceaccount.com
2025-10-10T13:44:08.472-03:00  INFO 11128 --- [acervo-api] [           main] c.g.c.s.core.DefaultCredentialsProvider  : Scopes in use by default credentials: [https://www.googleapis.com/auth/datastore]
2025-10-10T13:44:14.653-03:00  INFO 11128 --- [acervo-api] [           main] b.c.a.acervoapi.config.FirestoreCheck    : ? Verificando conexão com o Google Firestore...
2025-10-10T13:44:16.312-03:00 DEBUG 11128 --- [acervo-api] [           main] b.c.a.acervoapi.config.FirestoreCheck    : ? Coleção detectada: admins
2025-10-10T13:44:16.328-03:00 DEBUG 11128 --- [acervo-api] [           main] b.c.a.acervoapi.config.FirestoreCheck    : ? Coleção detectada: atletas
2025-10-10T13:44:16.328-03:00  INFO 11128 --- [acervo-api] [           main] b.c.a.acervoapi.config.FirestoreCheck    : ? Conexão com o Firestore verificada com sucesso (2 coleções).
2025-10-10T13:44:16.328-03:00  INFO 11128 --- [acervo-api] [           main] b.c.a.acervoapi.config.FirestoreCheck    : ? Verificando anotações do modelo: Atleta
2025-10-10T13:44:16.328-03:00 ERROR 11128 --- [acervo-api] [           main] b.c.a.acervoapi.config.FirestoreCheck    : ? Nenhum campo com @Id foi encontrado no modelo 'Atleta'.
2025-10-10T13:44:16.331-03:00 ERROR 11128 --- [acervo-api] [           main] b.c.a.acervoapi.config.FirestoreCheck    : ? Verifique se a classe 'Atleta' contém um campo como:
2025-10-10T13:44:16.331-03:00 ERROR 11128 --- [acervo-api] [           main] b.c.a.acervoapi.config.FirestoreCheck    :     @Id
    private String id;

2025-10-10T13:44:16.331-03:00 ERROR 11128 --- [acervo-api] [           main] b.c.a.acervoapi.config.FirestoreCheck    : E se a dependência spring-cloud-gcp-data-firestore está corretamente configurada.
2025-10-10T13:44:18.366-03:00  INFO 11128 --- [acervo-api] [           main] b.c.a.a.AcervoApiApplicationTests        : Started AcervoApiApplicationTests in 15.629 seconds (process running for 18.688)
]]></system-out>
  </testcase>
</testsuite>